<?xml version="1.0" encoding="UTF-8"?><testsuite failures="1" name="cucumber.runtime.formatter.JUnitFormatter" skipped="0" tests="1" time="6029.05174">
<testcase classname="Free CRM automation" name="CRM Login page Scenario" time="6029.05174">
<failure message="java.lang.NullPointerException&#13;&#10;&#9;at stepDefinations.LoginStepDefiantion.enter_the_username_and_password(LoginStepDefiantion.java:37)&#13;&#10;&#9;at ✽.Then Enter the username and password(login.feature:4)&#13;&#10;"><![CDATA[Given User is already in login page.........................................passed
Then Enter the username and password........................................failed
Then Click on login button..................................................skipped
Then Close the browser......................................................skipped

StackTrace:
java.lang.NullPointerException
	at stepDefinations.LoginStepDefiantion.enter_the_username_and_password(LoginStepDefiantion.java:37)
	at ✽.Then Enter the username and password(login.feature:4)
]]></failure>
</testcase>
</testsuite>
36774">
<failure message="org.openqa.selenium.WebDriverException: unknown error: session deleted because of page crash&#10;from unknown error: cannot determine loading status&#10;from tab crashed&#10;  (Session info: chrome=79.0.3945.88)&#10;Build info: version: '3.5.3', revision: 'a88d25fe6b', time: '2017-08-29T12:42:44.417Z'&#10;System info: host: 'DESKTOP-0NAVMR5', ip: '192.168.0.104', os.name: 'Windows 10', os.arch: 'amd64', os.version: '10.0', java.version: '1.8.0_231'&#10;Driver info: org.openqa.selenium.chrome.ChromeDriver&#10;Capabilities [{networkConnectionEnabled=false, chrome={chromedriverVersion=78.0.3904.105 (60e2d8774a8151efa6a00b1f358371b1e0e07ee2-refs/branch-heads/3904@{#877}), userDataDir=C:\Users\vishn\AppData\Local\Temp\scoped_dir19844_1065559435}, timeouts={implicit=0, pageLoad=300000, script=30000}, pageLoadStrategy=normal, unhandledPromptBehavior=dismiss and notify, strictFileInteractability=false, platform=XP, proxy=Proxy(), goog:chromeOptions={debuggerAddress=localhost:55558}, acceptInsecureCerts=false, browserVersion=79.0.3945.88, browserName=chrome, javascriptEnabled=true, platformName=XP, setWindowRect=true}]&#10;Session ID: d412070ffa2e59c097b06be60e1b6fb4&#10;*** Element info: {Using=css selector, value=frame[name='mainpanel'],iframe[name='mainpanel']}&#13;&#10;&#9;at sun.reflect.NativeConstructorAccessorImpl.newInstance0(Native Method)&#13;&#10;&#9;at sun.reflect.NativeConstructorAccessorImpl.newInstance(NativeConstructorAccessorImpl.java:62)&#13;&#10;&#9;at sun.reflect.DelegatingConstructorAccessorImpl.newInstance(DelegatingConstructorAccessorImpl.java:45)&#13;&#10;&#9;at java.lang.reflect.Constructor.newInstance(Constructor.java:423)&#13;&#10;&#9;at org.openqa.selenium.remote.http.W3CHttpResponseCodec.createException(W3CHttpResponseCodec.java:185)&#13;&#10;&#9;at org.openqa.selenium.remote.http.W3CHttpResponseCodec.decode(W3CHttpResponseCodec.java:120)&#13;&#10;&#9;at org.openqa.selenium.remote.http.W3CHttpResponseCodec.decode(W3CHttpResponseCodec.java:49)&#13;&#10;&#9;at org.openqa.selenium.remote.HttpCommandExecutor.execute(HttpCommandExecutor.java:164)&#13;&#10;&#9;at org.openqa.selenium.remote.service.DriverCommandExecutor.execute(DriverCommandExecutor.java:82)&#13;&#10;&#9;at org.openqa.selenium.remote.RemoteWebDriver.execute(RemoteWebDriver.java:646)&#13;&#10;&#9;at org.openqa.selenium.remote.RemoteWebDriver.findElements(RemoteWebDriver.java:443)&#13;&#10;&#9;at org.openqa.selenium.remote.RemoteWebDriver.findElementsByCssSelector(RemoteWebDriver.java:514)&#13;&#10;&#9;at org.openqa.selenium.By$ByCssSelector.findElements(By.java:441)&#13;&#10;&#9;at org.openqa.selenium.remote.RemoteWebDriver.findElements(RemoteWebDriver.java:404)&#13;&#10;&#9;at org.openqa.selenium.remote.RemoteWebDriver$RemoteTargetLocator.frame(RemoteWebDriver.java:975)&#13;&#10;&#9;at stepDefinations.Contactslogin.user_moves_to_new_contacts_page(Contactslogin.java:80)&#13;&#10;&#9;at ✽.Then user moves to new contacts page(C:/Users/vishn/eclipse-workspace/FreeCRMTestAutomationdatadriven/src/main/java/features/contacts.feature:8)&#13;&#10;"><![CDATA[Given user is already on login page.........................................passed
When title of login page in free crm........................................passed
Then user enter "vishnu95" and "test@1234"..................................passed
Then user click on login button.............................................passed
Then user is on home page...................................................passed
Then user moves to new contacts page........................................failed
Then user enters contact details "vishnu" and "praneeth" and "CEO"..........skipped
Then close the browser......................................................skipped

StackTrace:
org.openqa.selenium.WebDriverException: unknown error: session deleted because of page crash
from unknown error: cannot determine loading status
from tab crashed
  (Session info: chrome=79.0.3945.88)
Build info: version: '3.5.3', revision: 'a88d25fe6b', time: '2017-08-29T12:42:44.417Z'
System info: host: 'DESKTOP-0NAVMR5', ip: '192.168.0.104', os.name: 'Windows 10', os.arch: 'amd64', os.version: '10.0', java.version: '1.8.0_231'
Driver info: org.openqa.selenium.chrome.ChromeDriver
Capabilities [{networkConnectionEnabled=false, chrome={chromedriverVersion=78.0.3904.105 (60e2d8774a8151efa6a00b1f358371b1e0e07ee2-refs/branch-heads/3904@{#877}), userDataDir=C:\Users\vishn\AppData\Local\Temp\scoped_dir19844_1065559435}, timeouts={implicit=0, pageLoad=300000, script=30000}, pageLoadStrategy=normal, unhandledPromptBehavior=dismiss and notify, strictFileInteractability=false, platform=XP, proxy=Proxy(), goog:chromeOptions={debuggerAddress=localhost:55558}, acceptInsecureCerts=false, browserVersion=79.0.3945.88, browserName=chrome, javascriptEnabled=true, platformName=XP, setWindowRect=true}]
Session ID: d412070ffa2e59c097b06be60e1b6fb4
*** Element info: {Using=css selector, value=frame[name='mainpanel'],iframe[name='mainpanel']}
	at sun.reflect.NativeConstructorAccessorImpl.newInstance0(Native Method)
	at sun.reflect.NativeConstructorAccessorImpl.newInstance(NativeConstructorAccessorImpl.java:62)
	at sun.reflect.DelegatingConstructorAccessorImpl.newInstance(DelegatingConstructorAccessorImpl.java:45)
	at java.lang.reflect.Constructor.newInstance(Constructor.java:423)
	at org.openqa.selenium.remote.http.W3CHttpResponseCodec.createException(W3CHttpResponseCodec.java:185)
	at org.openqa.selenium.remote.http.W3CHttpResponseCodec.decode(W3CHttpResponseCodec.java:120)
	at org.openqa.selenium.remote.http.W3CHttpResponseCodec.decode(W3CHttpResponseCodec.java:49)
	at org.openqa.selenium.remote.HttpCommandExecutor.execute(HttpCommandExecutor.java:164)
	at org.openqa.selenium.remote.service.DriverCommandExecutor.execute(DriverCommandExecutor.java:82)
	at org.openqa.selenium.remote.RemoteWebDriver.execute(RemoteWebDriver.java:646)
	at org.openqa.selenium.remote.RemoteWebDriver.findElements(RemoteWebDriver.java:443)
	at org.openqa.selenium.remote.RemoteWebDriver.findElementsByCssSelector(RemoteWebDriver.java:514)
	at org.openqa.selenium.By$ByCssSelector.findElements(By.java:441)
	at org.openqa.selenium.remote.RemoteWebDriver.findElements(RemoteWebDriver.java:404)
	at org.openqa.selenium.remote.RemoteWebDriver$RemoteTargetLocator.frame(RemoteWebDriver.java:975)
	at stepDefinations.Contactslogin.user_moves_to_new_contacts_page(Contactslogin.java:80)
	at ✽.Then user moves to new contacts page(C:/Users/vishn/eclipse-workspace/FreeCRMTestAutomationdatadriven/src/main/java/features/contacts.feature:8)
]]></failure>
</testcase>
</testsuite>
