<?xml version="1.0" encoding="UTF-8"?>
<!-- Generated by org.testng.reporters.JUnitXMLReporter -->
<testsuite hostname="DESKTOP-0NAVMR5" ignored="0" name="Default test" tests="3" failures="0" timestamp="28 Dec 2019 13:58:16 GMT" time="41.252" errors="0">
  <testcase name="loginpagetitle" time="0.018" classname="com.crm.qa.testcases.Loginpagetest"/>
  <testcase name="crmlogoimg" time="0.072" classname="com.crm.qa.testcases.Loginpagetest"/>
  <testcase name="logintest" time="11.77" classname="com.crm.qa.testcases.Loginpagetest"/>
</testsuite> <!-- Default test -->
